{"timestamp":"2026-01-08T17:03:56Z","level":"info","event":"server_started","message":"Server started"}
{"timestamp":"2026-01-08T17:03:56Z","level":"info","event":"session_created","message":"Session created","session_trace_id":"d39c908d2bab4259308265a9dec18397","session_id":1}
{"timestamp":"2026-01-08T17:03:56Z","level":"info","event":"packet_received","message":"Packet received","session_trace_id":"d39c908d2bab4259308265a9dec18397","request_trace_id":"1a486604a0f0997f2f0ee1825287e959","session_id":1,"packet_type":1,"protocol_version":3,"bytes":22}
{"timestamp":"2026-01-08T17:03:56Z","level":"info","event":"login_success","message":"Login accepted","session_trace_id":"d39c908d2bab4259308265a9dec18397","request_trace_id":"1a486604a0f0997f2f0ee1825287e959","session_id":1,"packet_type":1,"protocol_version":3,"bytes":22,"user_id":"load_user_1"}
{"timestamp":"2026-01-08T17:03:56Z","level":"info","event":"session_created","message":"Session created","session_trace_id":"465956bd88102b8d144f1b748d02cfca","session_id":2}
{"timestamp":"2026-01-08T17:03:56Z","level":"info","event":"packet_received","message":"Packet received","session_trace_id":"465956bd88102b8d144f1b748d02cfca","request_trace_id":"1fcd8c03bb4ea23ecdd350f96f859f68","session_id":2,"packet_type":1,"protocol_version":3,"bytes":22}
{"timestamp":"2026-01-08T17:03:56Z","level":"info","event":"login_success","message":"Login accepted","session_trace_id":"465956bd88102b8d144f1b748d02cfca","request_trace_id":"1fcd8c03bb4ea23ecdd350f96f859f68","session_id":2,"packet_type":1,"protocol_version":3,"bytes":22,"user_id":"load_user_2"}
{"timestamp":"2026-01-08T17:03:56Z","level":"info","event":"session_created","message":"Session created","session_trace_id":"cea7cc8cd9e693cc6a7b3872896465a3","session_id":3}
{"timestamp":"2026-01-08T17:03:56Z","level":"info","event":"packet_received","message":"Packet received","session_trace_id":"cea7cc8cd9e693cc6a7b3872896465a3","request_trace_id":"af18a7ba9abbaaee366459d1a95a0923","session_id":3,"packet_type":1,"protocol_version":3,"bytes":22}
{"timestamp":"2026-01-08T17:03:56Z","level":"info","event":"login_success","message":"Login accepted","session_trace_id":"cea7cc8cd9e693cc6a7b3872896465a3","request_trace_id":"af18a7ba9abbaaee366459d1a95a0923","session_id":3,"packet_type":1,"protocol_version":3,"bytes":22,"user_id":"load_user_3"}
{"timestamp":"2026-01-08T17:03:56Z","level":"info","event":"session_created","message":"Session created","session_trace_id":"17ec8ce6b792bc2557b40394fe388f93","session_id":4}
{"timestamp":"2026-01-08T17:03:56Z","level":"info","event":"packet_received","message":"Packet received","session_trace_id":"17ec8ce6b792bc2557b40394fe388f93","request_trace_id":"ecc3d3bffad08178f330fa1fe610b266","session_id":4,"packet_type":1,"protocol_version":3,"bytes":22}
{"timestamp":"2026-01-08T17:03:56Z","level":"info","event":"login_success","message":"Login accepted","session_trace_id":"17ec8ce6b792bc2557b40394fe388f93","request_trace_id":"ecc3d3bffad08178f330fa1fe610b266","session_id":4,"packet_type":1,"protocol_version":3,"bytes":22,"user_id":"load_user_4"}
{"timestamp":"2026-01-08T17:03:56Z","level":"info","event":"session_created","message":"Session created","session_trace_id":"964258c267459bd365d8f596cd42095f","session_id":5}
{"timestamp":"2026-01-08T17:03:56Z","level":"info","event":"packet_received","message":"Packet received","session_trace_id":"964258c267459bd365d8f596cd42095f","request_trace_id":"3b59e80baa59a9d7674ccdc35ed1c93e","session_id":5,"packet_type":1,"protocol_version":3,"bytes":22}
{"timestamp":"2026-01-08T17:03:56Z","level":"info","event":"login_success","message":"Login accepted","session_trace_id":"964258c267459bd365d8f596cd42095f","request_trace_id":"3b59e80baa59a9d7674ccdc35ed1c93e","session_id":5,"packet_type":1,"protocol_version":3,"bytes":22,"user_id":"load_user_5"}
{"timestamp":"2026-01-08T17:03:56Z","level":"info","event":"session_created","message":"Session created","session_trace_id":"c2a99820217cb6921c6731d1202977b0","session_id":6}
{"timestamp":"2026-01-08T17:03:56Z","level":"info","event":"packet_received","message":"Packet received","session_trace_id":"c2a99820217cb6921c6731d1202977b0","request_trace_id":"1c99c868861e728180208796ad7d1ac1","session_id":6,"packet_type":1,"protocol_version":3,"bytes":22}
{"timestamp":"2026-01-08T17:03:56Z","level":"info","event":"login_success","message":"Login accepted","session_trace_id":"c2a99820217cb6921c6731d1202977b0","request_trace_id":"1c99c868861e728180208796ad7d1ac1","session_id":6,"packet_type":1,"protocol_version":3,"bytes":22,"user_id":"load_user_6"}
{"timestamp":"2026-01-08T17:03:56Z","level":"info","event":"session_created","message":"Session created","session_trace_id":"12ba6084b541258a175f953e1d48bd4a","session_id":7}
{"timestamp":"2026-01-08T17:03:56Z","level":"info","event":"packet_received","message":"Packet received","session_trace_id":"12ba6084b541258a175f953e1d48bd4a","request_trace_id":"d545144cf74ecac65737a5129dcbc93e","session_id":7,"packet_type":1,"protocol_version":3,"bytes":22}
{"timestamp":"2026-01-08T17:03:56Z","level":"info","event":"login_success","message":"Login accepted","session_trace_id":"12ba6084b541258a175f953e1d48bd4a","request_trace_id":"d545144cf74ecac65737a5129dcbc93e","session_id":7,"packet_type":1,"protocol_version":3,"bytes":22,"user_id":"load_user_7"}
{"timestamp":"2026-01-08T17:03:56Z","level":"info","event":"session_created","message":"Session created","session_trace_id":"08750a5e66149d50684aaf6a9a7ff10b","session_id":8}
{"timestamp":"2026-01-08T17:03:56Z","level":"info","event":"packet_received","message":"Packet received","session_trace_id":"08750a5e66149d50684aaf6a9a7ff10b","request_trace_id":"eaabdec32da793af5ff0ecdc5fee2e62","session_id":8,"packet_type":1,"protocol_version":3,"bytes":22}
{"timestamp":"2026-01-08T17:03:56Z","level":"info","event":"login_success","message":"Login accepted","session_trace_id":"08750a5e66149d50684aaf6a9a7ff10b","request_trace_id":"eaabdec32da793af5ff0ecdc5fee2e62","session_id":8,"packet_type":1,"protocol_version":3,"bytes":22,"user_id":"load_user_8"}
{"timestamp":"2026-01-08T17:03:56Z","level":"info","event":"session_created","message":"Session created","session_trace_id":"18085d0e566f364165a3df37e17c4991","session_id":9}
{"timestamp":"2026-01-08T17:03:56Z","level":"info","event":"packet_received","message":"Packet received","session_trace_id":"18085d0e566f364165a3df37e17c4991","request_trace_id":"34fb940a960eb9a7d12f9279bc7f3306","session_id":9,"packet_type":1,"protocol_version":3,"bytes":22}
{"timestamp":"2026-01-08T17:03:56Z","level":"info","event":"login_success","message":"Login accepted","session_trace_id":"18085d0e566f364165a3df37e17c4991","request_trace_id":"34fb940a960eb9a7d12f9279bc7f3306","session_id":9,"packet_type":1,"protocol_version":3,"bytes":22,"user_id":"load_user_9"}
{"timestamp":"2026-01-08T17:03:56Z","level":"info","event":"session_created","message":"Session created","session_trace_id":"1e675ad1ca6585847fb740452fda9f8f","session_id":10}
{"timestamp":"2026-01-08T17:03:56Z","level":"info","event":"packet_received","message":"Packet received","session_trace_id":"1e675ad1ca6585847fb740452fda9f8f","request_trace_id":"3d41ef1294f766ad1781fa969a226625","session_id":10,"packet_type":1,"protocol_version":3,"bytes":23}
{"timestamp":"2026-01-08T17:03:56Z","level":"info","event":"login_success","message":"Login accepted","session_trace_id":"1e675ad1ca6585847fb740452fda9f8f","request_trace_id":"3d41ef1294f766ad1781fa969a226625","session_id":10,"packet_type":1,"protocol_version":3,"bytes":23,"user_id":"load_user_10"}
{"timestamp":"2026-01-08T17:03:56Z","level":"info","event":"session_created","message":"Session created","session_trace_id":"8235e7a967307b8fa67924b37f592d21","session_id":11}
{"timestamp":"2026-01-08T17:03:56Z","level":"info","event":"packet_received","message":"Packet received","session_trace_id":"8235e7a967307b8fa67924b37f592d21","request_trace_id":"a958ec0489482c7f714a067cfec1968c","session_id":11,"packet_type":1,"protocol_version":3,"bytes":23}
{"timestamp":"2026-01-08T17:03:56Z","level":"info","event":"login_success","message":"Login accepted","session_trace_id":"8235e7a967307b8fa67924b37f592d21","request_trace_id":"a958ec0489482c7f714a067cfec1968c","session_id":11,"packet_type":1,"protocol_version":3,"bytes":23,"user_id":"load_user_11"}
{"timestamp":"2026-01-08T17:03:56Z","level":"info","event":"session_created","message":"Session created","session_trace_id":"1c3b0b3208d88ade079a1f8336f43c5e","session_id":12}
{"timestamp":"2026-01-08T17:03:56Z","level":"info","event":"packet_received","message":"Packet received","session_trace_id":"1c3b0b3208d88ade079a1f8336f43c5e","request_trace_id":"3ae3c1f6d6195824975aba5bd3afb4d5","session_id":12,"packet_type":1,"protocol_version":3,"bytes":23}
{"timestamp":"2026-01-08T17:03:56Z","level":"info","event":"login_success","message":"Login accepted","session_trace_id":"1c3b0b3208d88ade079a1f8336f43c5e","request_trace_id":"3ae3c1f6d6195824975aba5bd3afb4d5","session_id":12,"packet_type":1,"protocol_version":3,"bytes":23,"user_id":"load_user_12"}
{"timestamp":"2026-01-08T17:03:56Z","level":"info","event":"session_created","message":"Session created","session_trace_id":"54197e998c06c39cac7f200882139da7","session_id":13}
{"timestamp":"2026-01-08T17:03:56Z","level":"info","event":"packet_received","message":"Packet received","session_trace_id":"54197e998c06c39cac7f200882139da7","request_trace_id":"a19f59b12daa5c21c36651923b60495d","session_id":13,"packet_type":1,"protocol_version":3,"bytes":23}
{"timestamp":"2026-01-08T17:03:56Z","level":"info","event":"login_success","message":"Login accepted","session_trace_id":"54197e998c06c39cac7f200882139da7","request_trace_id":"a19f59b12daa5c21c36651923b60495d","session_id":13,"packet_type":1,"protocol_version":3,"bytes":23,"user_id":"load_user_13"}
{"timestamp":"2026-01-08T17:03:56Z","level":"info","event":"session_created","message":"Session created","session_trace_id":"3763a37480ccd175450f14c743996c41","session_id":14}
{"timestamp":"2026-01-08T17:03:56Z","level":"info","event":"packet_received","message":"Packet received","session_trace_id":"3763a37480ccd175450f14c743996c41","request_trace_id":"84fd21e0161eeb7407edb659b9face4c","session_id":14,"packet_type":1,"protocol_version":3,"bytes":23}
{"timestamp":"2026-01-08T17:03:56Z","level":"info","event":"login_success","message":"Login accepted","session_trace_id":"3763a37480ccd175450f14c743996c41","request_trace_id":"84fd21e0161eeb7407edb659b9face4c","session_id":14,"packet_type":1,"protocol_version":3,"bytes":23,"user_id":"load_user_14"}
{"timestamp":"2026-01-08T17:03:56Z","level":"info","event":"session_created","message":"Session created","session_trace_id":"18884250c2a40d84c21fccb7d14d4971","session_id":15}
{"timestamp":"2026-01-08T17:03:56Z","level":"info","event":"packet_received","message":"Packet received","session_trace_id":"18884250c2a40d84c21fccb7d14d4971","request_trace_id":"d77f89c8952eac25aa89ca29c2792e0b","session_id":15,"packet_type":1,"protocol_version":3,"bytes":23}
{"timestamp":"2026-01-08T17:03:56Z","level":"info","event":"login_success","message":"Login accepted","session_trace_id":"18884250c2a40d84c21fccb7d14d4971","request_trace_id":"d77f89c8952eac25aa89ca29c2792e0b","session_id":15,"packet_type":1,"protocol_version":3,"bytes":23,"user_id":"load_user_15"}
{"timestamp":"2026-01-08T17:03:56Z","level":"info","event":"session_created","message":"Session created","session_trace_id":"47840c01e7d68399e1694e405f98ebcb","session_id":16}
{"timestamp":"2026-01-08T17:03:56Z","level":"info","event":"packet_received","message":"Packet received","session_trace_id":"47840c01e7d68399e1694e405f98ebcb","request_trace_id":"bb210ebd4f9c418243a08c44216bfc83","session_id":16,"packet_type":1,"protocol_version":3,"bytes":23}
{"timestamp":"2026-01-08T17:03:56Z","level":"info","event":"login_success","message":"Login accepted","session_trace_id":"47840c01e7d68399e1694e405f98ebcb","request_trace_id":"bb210ebd4f9c418243a08c44216bfc83","session_id":16,"packet_type":1,"protocol_version":3,"bytes":23,"user_id":"load_user_16"}
{"timestamp":"2026-01-08T17:03:56Z","level":"info","event":"session_created","message":"Session created","session_trace_id":"5537f7849d94f2991542b66f4156c82c","session_id":17}
{"timestamp":"2026-01-08T17:03:56Z","level":"info","event":"packet_received","message":"Packet received","session_trace_id":"5537f7849d94f2991542b66f4156c82c","request_trace_id":"484c9f505afd30289f48486f29c1ecb8","session_id":17,"packet_type":1,"protocol_version":3,"bytes":23}
{"timestamp":"2026-01-08T17:03:56Z","level":"info","event":"login_success","message":"Login accepted","session_trace_id":"5537f7849d94f2991542b66f4156c82c","request_trace_id":"484c9f505afd30289f48486f29c1ecb8","session_id":17,"packet_type":1,"protocol_version":3,"bytes":23,"user_id":"load_user_17"}
{"timestamp":"2026-01-08T17:03:56Z","level":"info","event":"session_created","message":"Session created","session_trace_id":"1d871771e157f8d76575a513b236874b","session_id":18}
{"timestamp":"2026-01-08T17:03:56Z","level":"info","event":"packet_received","message":"Packet received","session_trace_id":"1d871771e157f8d76575a513b236874b","request_trace_id":"be2621fabf368823786726961f8e0864","session_id":18,"packet_type":1,"protocol_version":3,"bytes":23}
{"timestamp":"2026-01-08T17:03:56Z","level":"info","event":"login_success","message":"Login accepted","session_trace_id":"1d871771e157f8d76575a513b236874b","request_trace_id":"be2621fabf368823786726961f8e0864","session_id":18,"packet_type":1,"protocol_version":3,"bytes":23,"user_id":"load_user_18"}
{"timestamp":"2026-01-08T17:03:56Z","level":"info","event":"session_created","message":"Session created","session_trace_id":"c048ac4b566996e0cd650d8675d2ac6c","session_id":19}
{"timestamp":"2026-01-08T17:03:56Z","level":"info","event":"packet_received","message":"Packet received","session_trace_id":"c048ac4b566996e0cd650d8675d2ac6c","request_trace_id":"7775b36018fb615b599e3da8c9781f0f","session_id":19,"packet_type":1,"protocol_version":3,"bytes":23}
{"timestamp":"2026-01-08T17:03:56Z","level":"info","event":"login_success","message":"Login accepted","session_trace_id":"c048ac4b566996e0cd650d8675d2ac6c","request_trace_id":"7775b36018fb615b599e3da8c9781f0f","session_id":19,"packet_type":1,"protocol_version":3,"bytes":23,"user_id":"load_user_19"}
{"timestamp":"2026-01-08T17:03:56Z","level":"info","event":"session_created","message":"Session created","session_trace_id":"1b7fc2c67bf78fe7fec4098653bc9029","session_id":20}
{"timestamp":"2026-01-08T17:03:56Z","level":"info","event":"packet_received","message":"Packet received","session_trace_id":"1b7fc2c67bf78fe7fec4098653bc9029","request_trace_id":"ecbbaff2d5c2f1e39a787938506e1e7a","session_id":20,"packet_type":1,"protocol_version":3,"bytes":23}
{"timestamp":"2026-01-08T17:03:56Z","level":"info","event":"login_success","message":"Login accepted","session_trace_id":"1b7fc2c67bf78fe7fec4098653bc9029","request_trace_id":"ecbbaff2d5c2f1e39a787938506e1e7a","session_id":20,"packet_type":1,"protocol_version":3,"bytes":23,"user_id":"load_user_20"}
{"timestamp":"2026-01-08T17:03:56Z","level":"info","event":"session_created","message":"Session created","session_trace_id":"8b6b2219b078179c8ddf8136d6f65535","session_id":21}
{"timestamp":"2026-01-08T17:03:56Z","level":"info","event":"packet_received","message":"Packet received","session_trace_id":"8b6b2219b078179c8ddf8136d6f65535","request_trace_id":"6c57c2d452e82fac517ffa4fafa7d0fc","session_id":21,"packet_type":1,"protocol_version":3,"bytes":23}
{"timestamp":"2026-01-08T17:03:56Z","level":"info","event":"login_success","message":"Login accepted","session_trace_id":"8b6b2219b078179c8ddf8136d6f65535","request_trace_id":"6c57c2d452e82fac517ffa4fafa7d0fc","session_id":21,"packet_type":1,"protocol_version":3,"bytes":23,"user_id":"load_user_21"}
{"timestamp":"2026-01-08T17:03:56Z","level":"info","event":"session_created","message":"Session created","session_trace_id":"57a2ddfc9111c1416ee268297b10cd58","session_id":22}
{"timestamp":"2026-01-08T17:03:56Z","level":"info","event":"packet_received","message":"Packet received","session_trace_id":"57a2ddfc9111c1416ee268297b10cd58","request_trace_id":"97c15d936be7c99bfbdc7241519ebbc4","session_id":22,"packet_type":1,"protocol_version":3,"bytes":23}
{"timestamp":"2026-01-08T17:03:56Z","level":"info","event":"login_success","message":"Login accepted","session_trace_id":"57a2ddfc9111c1416ee268297b10cd58","request_trace_id":"97c15d936be7c99bfbdc7241519ebbc4","session_id":22,"packet_type":1,"protocol_version":3,"bytes":23,"user_id":"load_user_22"}
{"timestamp":"2026-01-08T17:03:56Z","level":"info","event":"session_created","message":"Session created","session_trace_id":"35639513eca4034a31d9b75a320e0f3a","session_id":23}
{"timestamp":"2026-01-08T17:03:56Z","level":"info","event":"packet_received","message":"Packet received","session_trace_id":"35639513eca4034a31d9b75a320e0f3a","request_trace_id":"eb5946541ed79b4ef83420c46bf215fe","session_id":23,"packet_type":1,"protocol_version":3,"bytes":23}
{"timestamp":"2026-01-08T17:03:56Z","level":"info","event":"login_success","message":"Login accepted","session_trace_id":"35639513eca4034a31d9b75a320e0f3a","request_trace_id":"eb5946541ed79b4ef83420c46bf215fe","session_id":23,"packet_type":1,"protocol_version":3,"bytes":23,"user_id":"load_user_23"}
{"timestamp":"2026-01-08T17:03:56Z","level":"info","event":"session_created","message":"Session created","session_trace_id":"ffb9db0f8f0914b9df805390aca63265","session_id":24}
{"timestamp":"2026-01-08T17:03:56Z","level":"info","event":"packet_received","message":"Packet received","session_trace_id":"ffb9db0f8f0914b9df805390aca63265","request_trace_id":"ef277510a6d9885d77b10d5e4d08d669","session_id":24,"packet_type":1,"protocol_version":3,"bytes":23}
{"timestamp":"2026-01-08T17:03:56Z","level":"info","event":"login_success","message":"Login accepted","session_trace_id":"ffb9db0f8f0914b9df805390aca63265","request_trace_id":"ef277510a6d9885d77b10d5e4d08d669","session_id":24,"packet_type":1,"protocol_version":3,"bytes":23,"user_id":"load_user_24"}
{"timestamp":"2026-01-08T17:03:56Z","level":"info","event":"packet_received","message":"Packet received","session_trace_id":"cea7cc8cd9e693cc6a7b3872896465a3","request_trace_id":"830db0fa1ed80071b335c3ad4366b9b4","session_id":3,"packet_type":400,"protocol_version":3,"bytes":20}
{"timestamp":"2026-01-08T17:03:56Z","level":"info","event":"match_found","message":"Match found","session_trace_id":"cea7cc8cd9e693cc6a7b3872896465a3","request_trace_id":"830db0fa1ed80071b335c3ad4366b9b4","session_id":3,"packet_type":400,"protocol_version":3,"bytes":20,"user_id":"load_user_3","reason":"Match found"}
{"timestamp":"2026-01-08T17:03:56Z","level":"info","event":"packet_received","message":"Packet received","session_trace_id":"d39c908d2bab4259308265a9dec18397","request_trace_id":"3c723ac5c5a621faf7da5ff9a8e12777","session_id":1,"packet_type":400,"protocol_version":3,"bytes":20}
{"timestamp":"2026-01-08T17:03:56Z","level":"info","event":"match_found","message":"Match found","session_trace_id":"d39c908d2bab4259308265a9dec18397","request_trace_id":"3c723ac5c5a621faf7da5ff9a8e12777","session_id":1,"packet_type":400,"protocol_version":3,"bytes":20,"user_id":"load_user_1","reason":"Match found"}
{"timestamp":"2026-01-08T17:03:56Z","level":"info","event":"packet_received","message":"Packet received","session_trace_id":"465956bd88102b8d144f1b748d02cfca","request_trace_id":"7160e128c7bba4b1b5864beb0eada5ac","session_id":2,"packet_type":400,"protocol_version":3,"bytes":20}
{"timestamp":"2026-01-08T17:03:56Z","level":"info","event":"match_found","message":"Match found","session_trace_id":"465956bd88102b8d144f1b748d02cfca","request_trace_id":"7160e128c7bba4b1b5864beb0eada5ac","session_id":2,"packet_type":400,"protocol_version":3,"bytes":20,"user_id":"load_user_2","reason":"Match found"}
{"timestamp":"2026-01-08T17:03:56Z","level":"info","event":"packet_received","message":"Packet received","session_trace_id":"17ec8ce6b792bc2557b40394fe388f93","request_trace_id":"5dd110e5a2ef5d9a1eb27d622602b439","session_id":4,"packet_type":400,"protocol_version":3,"bytes":20}
{"timestamp":"2026-01-08T17:03:56Z","level":"info","event":"match_found","message":"Match found","session_trace_id":"17ec8ce6b792bc2557b40394fe388f93","request_trace_id":"5dd110e5a2ef5d9a1eb27d622602b439","session_id":4,"packet_type":400,"protocol_version":3,"bytes":20,"user_id":"load_user_4","reason":"Match found"}
{"timestamp":"2026-01-08T17:03:56Z","level":"info","event":"packet_received","message":"Packet received","session_trace_id":"964258c267459bd365d8f596cd42095f","request_trace_id":"04edc446a73ebcfcf0bba563a8de9051","session_id":5,"packet_type":400,"protocol_version":3,"bytes":20}
{"timestamp":"2026-01-08T17:03:56Z","level":"info","event":"match_found","message":"Match found","session_trace_id":"964258c267459bd365d8f596cd42095f","request_trace_id":"04edc446a73ebcfcf0bba563a8de9051","session_id":5,"packet_type":400,"protocol_version":3,"bytes":20,"user_id":"load_user_5","reason":"Match found"}
{"timestamp":"2026-01-08T17:03:56Z","level":"info","event":"packet_received","message":"Packet received","session_trace_id":"c2a99820217cb6921c6731d1202977b0","request_trace_id":"0e29a9870306d0566af8cd93935c12f8","session_id":6,"packet_type":400,"protocol_version":3,"bytes":20}
{"timestamp":"2026-01-08T17:03:56Z","level":"info","event":"match_found","message":"Match found","session_trace_id":"c2a99820217cb6921c6731d1202977b0","request_trace_id":"0e29a9870306d0566af8cd93935c12f8","session_id":6,"packet_type":400,"protocol_version":3,"bytes":20,"user_id":"load_user_6","reason":"Match found"}
{"timestamp":"2026-01-08T17:03:56Z","level":"info","event":"packet_received","message":"Packet received","session_trace_id":"12ba6084b541258a175f953e1d48bd4a","request_trace_id":"0ffa8c960583094991b5f10b7a73adcb","session_id":7,"packet_type":400,"protocol_version":3,"bytes":20}
{"timestamp":"2026-01-08T17:03:56Z","level":"info","event":"match_found","message":"Match found","session_trace_id":"12ba6084b541258a175f953e1d48bd4a","request_trace_id":"0ffa8c960583094991b5f10b7a73adcb","session_id":7,"packet_type":400,"protocol_version":3,"bytes":20,"user_id":"load_user_7","reason":"Match found"}
{"timestamp":"2026-01-08T17:03:56Z","level":"info","event":"packet_received","message":"Packet received","session_trace_id":"08750a5e66149d50684aaf6a9a7ff10b","request_trace_id":"e07694620a87475419c9b1625f185f7a","session_id":8,"packet_type":400,"protocol_version":3,"bytes":20}
{"timestamp":"2026-01-08T17:03:56Z","level":"info","event":"match_found","message":"Match found","session_trace_id":"08750a5e66149d50684aaf6a9a7ff10b","request_trace_id":"e07694620a87475419c9b1625f185f7a","session_id":8,"packet_type":400,"protocol_version":3,"bytes":20,"user_id":"load_user_8","reason":"Match found"}
{"timestamp":"2026-01-08T17:03:56Z","level":"info","event":"packet_received","message":"Packet received","session_trace_id":"18085d0e566f364165a3df37e17c4991","request_trace_id":"a2c83bbde7529dc2862663c2f0857578","session_id":9,"packet_type":400,"protocol_version":3,"bytes":20}
{"timestamp":"2026-01-08T17:03:56Z","level":"info","event":"match_found","message":"Match found","session_trace_id":"18085d0e566f364165a3df37e17c4991","request_trace_id":"a2c83bbde7529dc2862663c2f0857578","session_id":9,"packet_type":400,"protocol_version":3,"bytes":20,"user_id":"load_user_9","reason":"Match found"}
{"timestamp":"2026-01-08T17:03:56Z","level":"info","event":"packet_received","message":"Packet received","session_trace_id":"1e675ad1ca6585847fb740452fda9f8f","request_trace_id":"3062d30e95dfa985d2e61e3326810d8c","session_id":10,"packet_type":400,"protocol_version":3,"bytes":20}
{"timestamp":"2026-01-08T17:03:56Z","level":"info","event":"match_found","message":"Match found","session_trace_id":"1e675ad1ca6585847fb740452fda9f8f","request_trace_id":"3062d30e95dfa985d2e61e3326810d8c","session_id":10,"packet_type":400,"protocol_version":3,"bytes":20,"user_id":"load_user_10","reason":"Match found"}
{"timestamp":"2026-01-08T17:03:56Z","level":"info","event":"packet_received","message":"Packet received","session_trace_id":"8235e7a967307b8fa67924b37f592d21","request_trace_id":"c0cde2122a352d3bf1646d16b5d63e45","session_id":11,"packet_type":400,"protocol_version":3,"bytes":20}
{"timestamp":"2026-01-08T17:03:56Z","level":"info","event":"match_found","message":"Match found","session_trace_id":"8235e7a967307b8fa67924b37f592d21","request_trace_id":"c0cde2122a352d3bf1646d16b5d63e45","session_id":11,"packet_type":400,"protocol_version":3,"bytes":20,"user_id":"load_user_11","reason":"Match found"}
{"timestamp":"2026-01-08T17:03:56Z","level":"info","event":"packet_received","message":"Packet received","session_trace_id":"1c3b0b3208d88ade079a1f8336f43c5e","request_trace_id":"b0f2dd9cba391429e3ab38919a745a54","session_id":12,"packet_type":400,"protocol_version":3,"bytes":20}
{"timestamp":"2026-01-08T17:03:56Z","level":"info","event":"match_found","message":"Match found","session_trace_id":"1c3b0b3208d88ade079a1f8336f43c5e","request_trace_id":"b0f2dd9cba391429e3ab38919a745a54","session_id":12,"packet_type":400,"protocol_version":3,"bytes":20,"user_id":"load_user_12","reason":"Match found"}
{"timestamp":"2026-01-08T17:03:56Z","level":"info","event":"packet_received","message":"Packet received","session_trace_id":"54197e998c06c39cac7f200882139da7","request_trace_id":"4390e30073c091bbc863cd7513c0168b","session_id":13,"packet_type":400,"protocol_version":3,"bytes":20}
{"timestamp":"2026-01-08T17:03:56Z","level":"info","event":"match_found","message":"Match found","session_trace_id":"54197e998c06c39cac7f200882139da7","request_trace_id":"4390e30073c091bbc863cd7513c0168b","session_id":13,"packet_type":400,"protocol_version":3,"bytes":20,"user_id":"load_user_13","reason":"Match found"}
{"timestamp":"2026-01-08T17:03:56Z","level":"info","event":"packet_received","message":"Packet received","session_trace_id":"3763a37480ccd175450f14c743996c41","request_trace_id":"1fb95acf30954ae146ec36ea5195283a","session_id":14,"packet_type":400,"protocol_version":3,"bytes":20}
{"timestamp":"2026-01-08T17:03:56Z","level":"info","event":"match_found","message":"Match found","session_trace_id":"3763a37480ccd175450f14c743996c41","request_trace_id":"1fb95acf30954ae146ec36ea5195283a","session_id":14,"packet_type":400,"protocol_version":3,"bytes":20,"user_id":"load_user_14","reason":"Match found"}
{"timestamp":"2026-01-08T17:03:56Z","level":"info","event":"packet_received","message":"Packet received","session_trace_id":"18884250c2a40d84c21fccb7d14d4971","request_trace_id":"05c367de156827e0b894aa31c56eb423","session_id":15,"packet_type":400,"protocol_version":3,"bytes":20}
{"timestamp":"2026-01-08T17:03:56Z","level":"info","event":"match_found","message":"Match found","session_trace_id":"18884250c2a40d84c21fccb7d14d4971","request_trace_id":"05c367de156827e0b894aa31c56eb423","session_id":15,"packet_type":400,"protocol_version":3,"bytes":20,"user_id":"load_user_15","reason":"Match found"}
{"timestamp":"2026-01-08T17:03:56Z","level":"info","event":"packet_received","message":"Packet received","session_trace_id":"47840c01e7d68399e1694e405f98ebcb","request_trace_id":"93160796c878c58e02a81c70c26b05e3","session_id":16,"packet_type":400,"protocol_version":3,"bytes":20}
{"timestamp":"2026-01-08T17:03:56Z","level":"info","event":"match_found","message":"Match found","session_trace_id":"47840c01e7d68399e1694e405f98ebcb","request_trace_id":"93160796c878c58e02a81c70c26b05e3","session_id":16,"packet_type":400,"protocol_version":3,"bytes":20,"user_id":"load_user_16","reason":"Match found"}
{"timestamp":"2026-01-08T17:03:56Z","level":"info","event":"packet_received","message":"Packet received","session_trace_id":"5537f7849d94f2991542b66f4156c82c","request_trace_id":"2105af7ac0b6eda1f26f91cb853f8009","session_id":17,"packet_type":400,"protocol_version":3,"bytes":20}
{"timestamp":"2026-01-08T17:03:56Z","level":"info","event":"match_found","message":"Match found","session_trace_id":"5537f7849d94f2991542b66f4156c82c","request_trace_id":"2105af7ac0b6eda1f26f91cb853f8009","session_id":17,"packet_type":400,"protocol_version":3,"bytes":20,"user_id":"load_user_17","reason":"Match found"}
{"timestamp":"2026-01-08T17:03:56Z","level":"info","event":"packet_received","message":"Packet received","session_trace_id":"1d871771e157f8d76575a513b236874b","request_trace_id":"f7571be3076c6a15d6840f618275074f","session_id":18,"packet_type":400,"protocol_version":3,"bytes":20}
{"timestamp":"2026-01-08T17:03:56Z","level":"info","event":"match_found","message":"Match found","session_trace_id":"1d871771e157f8d76575a513b236874b","request_trace_id":"f7571be3076c6a15d6840f618275074f","session_id":18,"packet_type":400,"protocol_version":3,"bytes":20,"user_id":"load_user_18","reason":"Match found"}
{"timestamp":"2026-01-08T17:03:56Z","level":"info","event":"packet_received","message":"Packet received","session_trace_id":"c048ac4b566996e0cd650d8675d2ac6c","request_trace_id":"c1463efb2213fcd2bc7c7d632f0a0967","session_id":19,"packet_type":400,"protocol_version":3,"bytes":20}
{"timestamp":"2026-01-08T17:03:56Z","level":"info","event":"match_found","message":"Match found","session_trace_id":"c048ac4b566996e0cd650d8675d2ac6c","request_trace_id":"c1463efb2213fcd2bc7c7d632f0a0967","session_id":19,"packet_type":400,"protocol_version":3,"bytes":20,"user_id":"load_user_19","reason":"Match found"}
{"timestamp":"2026-01-08T17:03:56Z","level":"info","event":"packet_received","message":"Packet received","session_trace_id":"1b7fc2c67bf78fe7fec4098653bc9029","request_trace_id":"d3f61f1d83b45467a43f76e657256cf2","session_id":20,"packet_type":400,"protocol_version":3,"bytes":20}
{"timestamp":"2026-01-08T17:03:56Z","level":"info","event":"match_found","message":"Match found","session_trace_id":"1b7fc2c67bf78fe7fec4098653bc9029","request_trace_id":"d3f61f1d83b45467a43f76e657256cf2","session_id":20,"packet_type":400,"protocol_version":3,"bytes":20,"user_id":"load_user_20","reason":"Match found"}
{"timestamp":"2026-01-08T17:03:56Z","level":"info","event":"packet_received","message":"Packet received","session_trace_id":"35639513eca4034a31d9b75a320e0f3a","request_trace_id":"ff65d0b6c5d380e23e9a0939e8574688","session_id":23,"packet_type":400,"protocol_version":3,"bytes":20}
{"timestamp":"2026-01-08T17:03:56Z","level":"info","event":"match_found","message":"Match found","session_trace_id":"35639513eca4034a31d9b75a320e0f3a","request_trace_id":"ff65d0b6c5d380e23e9a0939e8574688","session_id":23,"packet_type":400,"protocol_version":3,"bytes":20,"user_id":"load_user_23","reason":"Match found"}
{"timestamp":"2026-01-08T17:03:56Z","level":"info","event":"packet_received","message":"Packet received","session_trace_id":"57a2ddfc9111c1416ee268297b10cd58","request_trace_id":"e4ed37ea91203ce43f625759349abf24","session_id":22,"packet_type":400,"protocol_version":3,"bytes":20}
{"timestamp":"2026-01-08T17:03:56Z","level":"info","event":"match_found","message":"Match found","session_trace_id":"57a2ddfc9111c1416ee268297b10cd58","request_trace_id":"e4ed37ea91203ce43f625759349abf24","session_id":22,"packet_type":400,"protocol_version":3,"bytes":20,"user_id":"load_user_22","reason":"Match found"}
{"timestamp":"2026-01-08T17:03:56Z","level":"info","event":"packet_received","message":"Packet received","session_trace_id":"8b6b2219b078179c8ddf8136d6f65535","request_trace_id":"79e80b3043651c310e57b2f9d0afa35d","session_id":21,"packet_type":400,"protocol_version":3,"bytes":20}
{"timestamp":"2026-01-08T17:03:56Z","level":"info","event":"match_found","message":"Match found","session_trace_id":"8b6b2219b078179c8ddf8136d6f65535","request_trace_id":"79e80b3043651c310e57b2f9d0afa35d","session_id":21,"packet_type":400,"protocol_version":3,"bytes":20,"user_id":"load_user_21","reason":"Match found"}
{"timestamp":"2026-01-08T17:03:56Z","level":"info","event":"packet_received","message":"Packet received","session_trace_id":"ffb9db0f8f0914b9df805390aca63265","request_trace_id":"afd47c7b8ed567ddee3a2f5cfdb3adbb","session_id":24,"packet_type":400,"protocol_version":3,"bytes":20}
{"timestamp":"2026-01-08T17:03:56Z","level":"info","event":"match_found","message":"Match found","session_trace_id":"ffb9db0f8f0914b9df805390aca63265","request_trace_id":"afd47c7b8ed567ddee3a2f5cfdb3adbb","session_id":24,"packet_type":400,"protocol_version":3,"bytes":20,"user_id":"load_user_24","reason":"Match found"}
{"timestamp":"2026-01-08T17:03:56Z","level":"warn","event":"session_queue_overflow","message":"Session send queue overflow","session_trace_id":"d39c908d2bab4259308265a9dec18397","session_id":1,"bytes":4096}
{"timestamp":"2026-01-08T17:03:56Z","level":"warn","event":"session_queue_overflow","message":"Session send queue overflow","session_trace_id":"d39c908d2bab4259308265a9dec18397","session_id":1,"bytes":4096}
{"timestamp":"2026-01-08T17:03:56Z","level":"warn","event":"session_queue_overflow","message":"Session send queue overflow","session_trace_id":"d39c908d2bab4259308265a9dec18397","session_id":1,"bytes":4096}
{"timestamp":"2026-01-08T17:03:56Z","level":"info","event":"session_disconnected","message":"Session disconnected","session_trace_id":"cea7cc8cd9e693cc6a7b3872896465a3","session_id":3,"reason":"send queue overflow"}
{"timestamp":"2026-01-08T17:03:56Z","level":"warn","event":"session_queue_overflow","message":"Session send queue overflow","session_trace_id":"17ec8ce6b792bc2557b40394fe388f93","session_id":4,"bytes":4096}
{"timestamp":"2026-01-08T17:03:56Z","level":"warn","event":"session_queue_overflow","message":"Session send queue overflow","session_trace_id":"17ec8ce6b792bc2557b40394fe388f93","session_id":4,"bytes":4096}
{"timestamp":"2026-01-08T17:03:56Z","level":"warn","event":"session_queue_overflow","message":"Session send queue overflow","session_trace_id":"17ec8ce6b792bc2557b40394fe388f93","session_id":4,"bytes":4096}
{"timestamp":"2026-01-08T17:03:56Z","level":"info","event":"session_disconnected","message":"Session disconnected","session_trace_id":"c2a99820217cb6921c6731d1202977b0","session_id":6,"reason":"send queue overflow"}
{"timestamp":"2026-01-08T17:03:56Z","level":"warn","event":"session_queue_overflow","message":"Session send queue overflow","session_trace_id":"12ba6084b541258a175f953e1d48bd4a","session_id":7,"bytes":4096}
{"timestamp":"2026-01-08T17:03:56Z","level":"warn","event":"session_queue_overflow","message":"Session send queue overflow","session_trace_id":"12ba6084b541258a175f953e1d48bd4a","session_id":7,"bytes":4096}
{"timestamp":"2026-01-08T17:03:56Z","level":"warn","event":"session_queue_overflow","message":"Session send queue overflow","session_trace_id":"12ba6084b541258a175f953e1d48bd4a","session_id":7,"bytes":4096}
{"timestamp":"2026-01-08T17:03:56Z","level":"info","event":"session_disconnected","message":"Session disconnected","session_trace_id":"18085d0e566f364165a3df37e17c4991","session_id":9,"reason":"send queue overflow"}
{"timestamp":"2026-01-08T17:03:56Z","level":"warn","event":"session_queue_overflow","message":"Session send queue overflow","session_trace_id":"1e675ad1ca6585847fb740452fda9f8f","session_id":10,"bytes":4096}
{"timestamp":"2026-01-08T17:03:56Z","level":"warn","event":"session_queue_overflow","message":"Session send queue overflow","session_trace_id":"1e675ad1ca6585847fb740452fda9f8f","session_id":10,"bytes":4096}
{"timestamp":"2026-01-08T17:03:56Z","level":"warn","event":"session_queue_overflow","message":"Session send queue overflow","session_trace_id":"1e675ad1ca6585847fb740452fda9f8f","session_id":10,"bytes":4096}
{"timestamp":"2026-01-08T17:03:56Z","level":"info","event":"session_disconnected","message":"Session disconnected","session_trace_id":"1c3b0b3208d88ade079a1f8336f43c5e","session_id":12,"reason":"send queue overflow"}
{"timestamp":"2026-01-08T17:03:56Z","level":"warn","event":"session_queue_overflow","message":"Session send queue overflow","session_trace_id":"54197e998c06c39cac7f200882139da7","session_id":13,"bytes":4096}
{"timestamp":"2026-01-08T17:03:56Z","level":"warn","event":"session_queue_overflow","message":"Session send queue overflow","session_trace_id":"54197e998c06c39cac7f200882139da7","session_id":13,"bytes":4096}
{"timestamp":"2026-01-08T17:03:56Z","level":"warn","event":"session_queue_overflow","message":"Session send queue overflow","session_trace_id":"54197e998c06c39cac7f200882139da7","session_id":13,"bytes":4096}
{"timestamp":"2026-01-08T17:03:56Z","level":"info","event":"session_disconnected","message":"Session disconnected","session_trace_id":"18884250c2a40d84c21fccb7d14d4971","session_id":15,"reason":"send queue overflow"}
{"timestamp":"2026-01-08T17:03:56Z","level":"warn","event":"session_queue_overflow","message":"Session send queue overflow","session_trace_id":"47840c01e7d68399e1694e405f98ebcb","session_id":16,"bytes":4096}
{"timestamp":"2026-01-08T17:03:56Z","level":"warn","event":"session_queue_overflow","message":"Session send queue overflow","session_trace_id":"47840c01e7d68399e1694e405f98ebcb","session_id":16,"bytes":4096}
{"timestamp":"2026-01-08T17:03:56Z","level":"warn","event":"session_queue_overflow","message":"Session send queue overflow","session_trace_id":"47840c01e7d68399e1694e405f98ebcb","session_id":16,"bytes":4096}
{"timestamp":"2026-01-08T17:03:56Z","level":"info","event":"session_disconnected","message":"Session disconnected","session_trace_id":"1d871771e157f8d76575a513b236874b","session_id":18,"reason":"send queue overflow"}
{"timestamp":"2026-01-08T17:03:56Z","level":"warn","event":"session_queue_overflow","message":"Session send queue overflow","session_trace_id":"c048ac4b566996e0cd650d8675d2ac6c","session_id":19,"bytes":4096}
{"timestamp":"2026-01-08T17:03:56Z","level":"warn","event":"session_queue_overflow","message":"Session send queue overflow","session_trace_id":"c048ac4b566996e0cd650d8675d2ac6c","session_id":19,"bytes":4096}
{"timestamp":"2026-01-08T17:03:56Z","level":"warn","event":"session_queue_overflow","message":"Session send queue overflow","session_trace_id":"c048ac4b566996e0cd650d8675d2ac6c","session_id":19,"bytes":4096}
{"timestamp":"2026-01-08T17:03:56Z","level":"info","event":"session_disconnected","message":"Session disconnected","session_trace_id":"8b6b2219b078179c8ddf8136d6f65535","session_id":21,"reason":"send queue overflow"}
{"timestamp":"2026-01-08T17:03:56Z","level":"warn","event":"session_queue_overflow","message":"Session send queue overflow","session_trace_id":"57a2ddfc9111c1416ee268297b10cd58","session_id":22,"bytes":4096}
{"timestamp":"2026-01-08T17:03:56Z","level":"warn","event":"session_queue_overflow","message":"Session send queue overflow","session_trace_id":"57a2ddfc9111c1416ee268297b10cd58","session_id":22,"bytes":4096}
{"timestamp":"2026-01-08T17:03:56Z","level":"warn","event":"session_queue_overflow","message":"Session send queue overflow","session_trace_id":"57a2ddfc9111c1416ee268297b10cd58","session_id":22,"bytes":4096}
{"timestamp":"2026-01-08T17:03:56Z","level":"info","event":"session_disconnected","message":"Session disconnected","session_trace_id":"ffb9db0f8f0914b9df805390aca63265","session_id":24,"reason":"send queue overflow"}
